c:\users\dylan.mcmahon\documents\livingend-game-engine\livingend game engine\livingend\livingend-core\x64\debug\vc140.pdb
c:\users\dylan.mcmahon\documents\livingend-game-engine\livingend game engine\livingend\livingend-core\x64\debug\vc140.idb
c:\users\dylan.mcmahon\documents\livingend-game-engine\livingend game engine\livingend\livingend-core\x64\debug\gl_core_4_4.obj
c:\users\dylan.mcmahon\documents\livingend-game-engine\livingend game engine\livingend\livingend-core\x64\debug\bufferlayout.obj
c:\users\dylan.mcmahon\documents\livingend-game-engine\livingend game engine\livingend\livingend-core\x64\debug\openglbuffer.obj
c:\users\dylan.mcmahon\documents\livingend-game-engine\livingend game engine\livingend\livingend-core\x64\debug\basecamera.obj
c:\users\dylan.mcmahon\documents\livingend-game-engine\livingend game engine\livingend\livingend-core\x64\debug\flycamera.obj
c:\users\dylan.mcmahon\documents\livingend-game-engine\livingend game engine\livingend\livingend-core\x64\debug\fbxmodel.obj
c:\users\dylan.mcmahon\documents\livingend-game-engine\livingend game engine\livingend\livingend-core\x64\debug\indexbuffer.obj
c:\users\dylan.mcmahon\documents\livingend-game-engine\livingend game engine\livingend\livingend-core\x64\debug\mesh.obj
c:\users\dylan.mcmahon\documents\livingend-game-engine\livingend game engine\livingend\livingend-core\x64\debug\shader.obj
c:\users\dylan.mcmahon\documents\livingend-game-engine\livingend game engine\livingend\livingend-core\x64\debug\vertexbuffer.obj
c:\users\dylan.mcmahon\documents\livingend-game-engine\livingend game engine\livingend\livingend-core\x64\debug\main.obj
c:\users\dylan.mcmahon\documents\livingend-game-engine\livingend game engine\livingend\livingend-core\x64\debug\window.obj
c:\users\dylan.mcmahon\documents\livingend-game-engine\livingend game engine\livingend\livingend-core\x64\debug\vertexarray.obj
c:\users\dylan.mcmahon\documents\livingend-game-engine\livingend game engine\livingend\x64\debug\livingend-core.pdb
c:\users\dylan.mcmahon\documents\livingend-game-engine\livingend game engine\livingend\livingend-core\x64\debug\livingend-core.tlog\cl.command.1.tlog
c:\users\dylan.mcmahon\documents\livingend-game-engine\livingend game engine\livingend\livingend-core\x64\debug\livingend-core.tlog\cl.read.1.tlog
c:\users\dylan.mcmahon\documents\livingend-game-engine\livingend game engine\livingend\livingend-core\x64\debug\livingend-core.tlog\cl.write.1.tlog
c:\users\dylan.mcmahon\documents\livingend-game-engine\livingend game engine\livingend\livingend-core\x64\debug\livingend-core.tlog\link-cvtres.read.1.tlog
c:\users\dylan.mcmahon\documents\livingend-game-engine\livingend game engine\livingend\livingend-core\x64\debug\livingend-core.tlog\link-cvtres.write.1.tlog
c:\users\dylan.mcmahon\documents\livingend-game-engine\livingend game engine\livingend\livingend-core\x64\debug\livingend-core.tlog\link-rc.read.1.tlog
c:\users\dylan.mcmahon\documents\livingend-game-engine\livingend game engine\livingend\livingend-core\x64\debug\livingend-core.tlog\link-rc.write.1.tlog
c:\users\dylan.mcmahon\documents\livingend-game-engine\livingend game engine\livingend\livingend-core\x64\debug\livingend-core.tlog\link.command.1.tlog
c:\users\dylan.mcmahon\documents\livingend-game-engine\livingend game engine\livingend\livingend-core\x64\debug\livingend-core.tlog\link.read.1.tlog
c:\users\dylan.mcmahon\documents\livingend-game-engine\livingend game engine\livingend\livingend-core\x64\debug\livingend-core.tlog\link.write.1.tlog
