  main.cpp
c:\users\dylan.mcmahon\documents\livingend-game-engine\livingend game engine\livingend\livingend-core\dep\fbxloader\fbxfile.h(3): warning C4005: 'GLM_FORCE_PURE': macro redefinition
  c:\users\dylan.mcmahon\documents\livingend-game-engine\livingend game engine\livingend\livingend-core\dep\fbxloader\fbxfile.h(3): note: command-line arguments:  see previous definition of 'GLM_FORCE_PURE'
c:\users\dylan.mcmahon\documents\livingend-game-engine\livingend game engine\livingend\livingend-core\src\graphics\mesh.h(30): error C2143: syntax error: missing ';' before '*'
c:\users\dylan.mcmahon\documents\livingend-game-engine\livingend game engine\livingend\livingend-core\src\graphics\mesh.h(30): error C2433: 'LivingEnd::Graphics::Mesh::Texture': 'inline' not permitted on data declarations
c:\users\dylan.mcmahon\documents\livingend-game-engine\livingend game engine\livingend\livingend-core\src\graphics\mesh.h(30): error C4430: missing type specifier - int assumed. Note: C++ does not support default-int
c:\users\dylan.mcmahon\documents\livingend-game-engine\livingend game engine\livingend\livingend-core\src\graphics\mesh.h(30): error C2334: unexpected token(s) preceding '{'; skipping apparent function body
c:\users\dylan.mcmahon\documents\livingend-game-engine\livingend game engine\livingend\livingend-core\src\graphics\mesh.h(38): error C2143: syntax error: missing ';' before '*'
c:\users\dylan.mcmahon\documents\livingend-game-engine\livingend game engine\livingend\livingend-core\src\graphics\mesh.h(38): error C4430: missing type specifier - int assumed. Note: C++ does not support default-int
c:\users\dylan.mcmahon\documents\livingend-game-engine\livingend game engine\livingend\livingend-core\src\graphics\mesh.h(38): error C2238: unexpected token(s) preceding ';'
c:\users\dylan.mcmahon\documents\livingend-game-engine\livingend game engine\livingend\livingend-core\src\main.cpp(59): warning C4244: '=': conversion from 'double' to 'float', possible loss of data
  Mesh.cpp
c:\users\dylan.mcmahon\documents\livingend-game-engine\livingend game engine\livingend\livingend-core\src\graphics\mesh.h(30): error C2143: syntax error: missing ';' before '*'
c:\users\dylan.mcmahon\documents\livingend-game-engine\livingend game engine\livingend\livingend-core\src\graphics\mesh.h(30): error C2433: 'LivingEnd::Graphics::Mesh::Texture': 'inline' not permitted on data declarations
c:\users\dylan.mcmahon\documents\livingend-game-engine\livingend game engine\livingend\livingend-core\src\graphics\mesh.h(30): error C4430: missing type specifier - int assumed. Note: C++ does not support default-int
c:\users\dylan.mcmahon\documents\livingend-game-engine\livingend game engine\livingend\livingend-core\src\graphics\mesh.h(30): error C2334: unexpected token(s) preceding '{'; skipping apparent function body
c:\users\dylan.mcmahon\documents\livingend-game-engine\livingend game engine\livingend\livingend-core\src\graphics\mesh.h(38): error C2143: syntax error: missing ';' before '*'
c:\users\dylan.mcmahon\documents\livingend-game-engine\livingend game engine\livingend\livingend-core\src\graphics\mesh.h(38): error C4430: missing type specifier - int assumed. Note: C++ does not support default-int
c:\users\dylan.mcmahon\documents\livingend-game-engine\livingend game engine\livingend\livingend-core\src\graphics\mesh.h(38): error C2238: unexpected token(s) preceding ';'
c:\users\dylan.mcmahon\documents\livingend-game-engine\livingend game engine\livingend\livingend-core\src\graphics\mesh.cpp(11): error C2065: 'm_Texture': undeclared identifier
c:\users\dylan.mcmahon\documents\livingend-game-engine\livingend game engine\livingend\livingend-core\src\graphics\mesh.cpp(18): error C2065: 'm_Texture': undeclared identifier
c:\users\dylan.mcmahon\documents\livingend-game-engine\livingend game engine\livingend\livingend-core\src\graphics\mesh.cpp(25): warning C4150: deletion of pointer to incomplete type 'LivingEnd::Graphics::Shader'; no destructor called
  c:\users\dylan.mcmahon\documents\livingend-game-engine\livingend game engine\livingend\livingend-core\src\types.h(9): note: see declaration of 'LivingEnd::Graphics::Shader'
c:\users\dylan.mcmahon\documents\livingend-game-engine\livingend game engine\livingend\livingend-core\src\graphics\mesh.cpp(26): error C2065: 'm_Texture': undeclared identifier
c:\users\dylan.mcmahon\documents\livingend-game-engine\livingend game engine\livingend\livingend-core\src\graphics\mesh.cpp(26): error C2541: 'delete': cannot delete objects that are not pointers
  Grid.cpp
c:\users\dylan.mcmahon\documents\livingend-game-engine\livingend game engine\livingend\livingend-core\src\graphics\mesh.h(30): error C2143: syntax error: missing ';' before '*'
c:\users\dylan.mcmahon\documents\livingend-game-engine\livingend game engine\livingend\livingend-core\src\graphics\mesh.h(30): error C2433: 'LivingEnd::Graphics::Mesh::Texture': 'inline' not permitted on data declarations
c:\users\dylan.mcmahon\documents\livingend-game-engine\livingend game engine\livingend\livingend-core\src\graphics\mesh.h(30): error C4430: missing type specifier - int assumed. Note: C++ does not support default-int
c:\users\dylan.mcmahon\documents\livingend-game-engine\livingend game engine\livingend\livingend-core\src\graphics\mesh.h(30): error C2334: unexpected token(s) preceding '{'; skipping apparent function body
c:\users\dylan.mcmahon\documents\livingend-game-engine\livingend game engine\livingend\livingend-core\src\graphics\mesh.h(38): error C2143: syntax error: missing ';' before '*'
c:\users\dylan.mcmahon\documents\livingend-game-engine\livingend game engine\livingend\livingend-core\src\graphics\mesh.h(38): error C4430: missing type specifier - int assumed. Note: C++ does not support default-int
c:\users\dylan.mcmahon\documents\livingend-game-engine\livingend game engine\livingend\livingend-core\src\graphics\mesh.h(38): error C2238: unexpected token(s) preceding ';'
c:\users\dylan.mcmahon\documents\livingend-game-engine\livingend game engine\livingend\livingend-core\src\graphics\grid.cpp(25): error C2819: type 'LivingEnd::Graphics::VertexArray' does not have an overloaded member 'operator ->'
  c:\users\dylan.mcmahon\documents\livingend-game-engine\livingend game engine\livingend\livingend-core\src\graphics\buffers\vertexarray.h(12): note: see declaration of 'LivingEnd::Graphics::VertexArray'
  c:\users\dylan.mcmahon\documents\livingend-game-engine\livingend game engine\livingend\livingend-core\src\graphics\grid.cpp(25): note: did you intend to use '.' instead?
c:\users\dylan.mcmahon\documents\livingend-game-engine\livingend game engine\livingend\livingend-core\src\graphics\grid.cpp(25): error C2232: '->LivingEnd::Graphics::VertexArray::Bind': left operand has 'class' type, use '.'
c:\users\dylan.mcmahon\documents\livingend-game-engine\livingend game engine\livingend\livingend-core\src\graphics\grid.cpp(43): error C2819: type 'LivingEnd::Graphics::VertexArray' does not have an overloaded member 'operator ->'
  c:\users\dylan.mcmahon\documents\livingend-game-engine\livingend game engine\livingend\livingend-core\src\graphics\buffers\vertexarray.h(12): note: see declaration of 'LivingEnd::Graphics::VertexArray'
  c:\users\dylan.mcmahon\documents\livingend-game-engine\livingend game engine\livingend\livingend-core\src\graphics\grid.cpp(43): note: did you intend to use '.' instead?
c:\users\dylan.mcmahon\documents\livingend-game-engine\livingend game engine\livingend\livingend-core\src\graphics\grid.cpp(43): error C2232: '->LivingEnd::Graphics::VertexArray::PushBuffer': left operand has 'class' type, use '.'
c:\users\dylan.mcmahon\documents\livingend-game-engine\livingend game engine\livingend\livingend-core\src\graphics\grid.cpp(85): warning C4018: '<': signed/unsigned mismatch
c:\users\dylan.mcmahon\documents\livingend-game-engine\livingend game engine\livingend\livingend-core\src\graphics\grid.cpp(87): warning C4018: '<': signed/unsigned mismatch
c:\users\dylan.mcmahon\documents\livingend-game-engine\livingend game engine\livingend\livingend-core\src\graphics\grid.cpp(132): error C2065: 'm_Texture': undeclared identifier
c:\users\dylan.mcmahon\documents\livingend-game-engine\livingend game engine\livingend\livingend-core\src\graphics\grid.cpp(132): error C2227: left of '->GeneratePerlinTexture' must point to class/struct/union/generic type
  c:\users\dylan.mcmahon\documents\livingend-game-engine\livingend game engine\livingend\livingend-core\src\graphics\grid.cpp(132): note: type is 'unknown-type'
c:\users\dylan.mcmahon\documents\livingend-game-engine\livingend game engine\livingend\livingend-core\src\graphics\grid.cpp(145): error C2065: 'm_Texture': undeclared identifier
c:\users\dylan.mcmahon\documents\livingend-game-engine\livingend game engine\livingend\livingend-core\src\graphics\grid.cpp(145): error C2227: left of '->Bind' must point to class/struct/union/generic type
  c:\users\dylan.mcmahon\documents\livingend-game-engine\livingend game engine\livingend\livingend-core\src\graphics\grid.cpp(145): note: type is 'unknown-type'
c:\users\dylan.mcmahon\documents\livingend-game-engine\livingend game engine\livingend\livingend-core\src\graphics\grid.cpp(147): error C2065: 'm_Texture': undeclared identifier
c:\users\dylan.mcmahon\documents\livingend-game-engine\livingend game engine\livingend\livingend-core\src\graphics\grid.cpp(147): error C2227: left of '->UnBind' must point to class/struct/union/generic type
  c:\users\dylan.mcmahon\documents\livingend-game-engine\livingend game engine\livingend\livingend-core\src\graphics\grid.cpp(147): note: type is 'unknown-type'
c:\users\dylan.mcmahon\documents\livingend-game-engine\livingend game engine\livingend\livingend-core\src\graphics\grid.cpp(154): error C2065: 'm_Texture': undeclared identifier
c:\users\dylan.mcmahon\documents\livingend-game-engine\livingend game engine\livingend\livingend-core\src\graphics\grid.cpp(154): error C2227: left of '->Bind' must point to class/struct/union/generic type
  c:\users\dylan.mcmahon\documents\livingend-game-engine\livingend game engine\livingend\livingend-core\src\graphics\grid.cpp(154): note: type is 'unknown-type'
c:\users\dylan.mcmahon\documents\livingend-game-engine\livingend game engine\livingend\livingend-core\src\graphics\grid.cpp(156): error C2065: 'm_Texture': undeclared identifier
c:\users\dylan.mcmahon\documents\livingend-game-engine\livingend game engine\livingend\livingend-core\src\graphics\grid.cpp(156): error C2227: left of '->UnBind' must point to class/struct/union/generic type
  c:\users\dylan.mcmahon\documents\livingend-game-engine\livingend game engine\livingend\livingend-core\src\graphics\grid.cpp(156): note: type is 'unknown-type'
  Generating Code...
