c:\users\deckard cain\documents\livingend-game-engine\livingend game engine\livingend\livingend-core\debug\vc140.pdb
c:\users\deckard cain\documents\livingend-game-engine\livingend game engine\livingend\livingend-core\debug\vc140.idb
c:\users\deckard cain\documents\livingend-game-engine\livingend game engine\livingend\livingend-core\debug\gl_core_4_4.obj
c:\users\deckard cain\documents\livingend-game-engine\livingend game engine\livingend\livingend-core\debug\bufferlayout.obj
c:\users\deckard cain\documents\livingend-game-engine\livingend game engine\livingend\livingend-core\debug\openglbuffer.obj
c:\users\deckard cain\documents\livingend-game-engine\livingend game engine\livingend\livingend-core\debug\basecamera.obj
c:\users\deckard cain\documents\livingend-game-engine\livingend game engine\livingend\livingend-core\debug\flycamera.obj
c:\users\deckard cain\documents\livingend-game-engine\livingend game engine\livingend\livingend-core\debug\fbxmodel.obj
c:\users\deckard cain\documents\livingend-game-engine\livingend game engine\livingend\livingend-core\debug\indexbuffer.obj
c:\users\deckard cain\documents\livingend-game-engine\livingend game engine\livingend\livingend-core\debug\mesh.obj
c:\users\deckard cain\documents\livingend-game-engine\livingend game engine\livingend\livingend-core\debug\shader.obj
c:\users\deckard cain\documents\livingend-game-engine\livingend game engine\livingend\livingend-core\debug\vertexbuffer.obj
c:\users\deckard cain\documents\livingend-game-engine\livingend game engine\livingend\livingend-core\debug\main.obj
c:\users\deckard cain\documents\livingend-game-engine\livingend game engine\livingend\livingend-core\debug\window.obj
c:\users\deckard cain\documents\livingend-game-engine\livingend game engine\livingend\livingend-core\debug\vertexarray.obj
c:\users\deckard cain\documents\livingend-game-engine\livingend game engine\livingend\debug\livingend-core.ilk
c:\users\deckard cain\documents\livingend-game-engine\livingend game engine\livingend\debug\livingend-core.exe
c:\users\deckard cain\documents\livingend-game-engine\livingend game engine\livingend\debug\livingend-core.pdb
c:\users\deckard cain\documents\livingend-game-engine\livingend game engine\livingend\livingend-core\debug\livingend-core.tlog\cl.command.1.tlog
c:\users\deckard cain\documents\livingend-game-engine\livingend game engine\livingend\livingend-core\debug\livingend-core.tlog\cl.read.1.tlog
c:\users\deckard cain\documents\livingend-game-engine\livingend game engine\livingend\livingend-core\debug\livingend-core.tlog\cl.write.1.tlog
c:\users\deckard cain\documents\livingend-game-engine\livingend game engine\livingend\livingend-core\debug\livingend-core.tlog\link.command.1.tlog
c:\users\deckard cain\documents\livingend-game-engine\livingend game engine\livingend\livingend-core\debug\livingend-core.tlog\link.read.1.tlog
c:\users\deckard cain\documents\livingend-game-engine\livingend game engine\livingend\livingend-core\debug\livingend-core.tlog\link.write.1.tlog
